{"meta": {"format": 3, "version": "7.8.0", "timestamp": "2026-02-14T08:36:08.571705", "branch_coverage": false, "show_contexts": false}, "files": {"src/biblicus/extractors/__init__.py": {"executed_lines": [], "summary": {"covered_lines": 0, "num_statements": 36, "percent_covered": 0.0, "percent_covered_display": "0", "missing_lines": 36, "excluded_lines": 0}, "missing_lines": [5, 7, 9, 10, 11, 12, 13, 14, 15, 16, 17, 18, 19, 20, 21, 22, 23, 24, 25, 26, 27, 28, 29, 30, 31, 32, 33, 34, 35, 36, 37, 40, 50, 80, 81, 82], "excluded_lines": [], "functions": {"get_extractor": {"executed_lines": [], "summary": {"covered_lines": 0, "num_statements": 4, "percent_covered": 0.0, "percent_covered_display": "0", "missing_lines": 4, "excluded_lines": 0}, "missing_lines": [50, 80, 81, 82], "excluded_lines": []}, "": {"executed_lines": [], "summary": {"covered_lines": 0, "num_statements": 32, "percent_covered": 0.0, "percent_covered_display": "0", "missing_lines": 32, "excluded_lines": 0}, "missing_lines": [5, 7, 9, 10, 11, 12, 13, 14, 15, 16, 17, 18, 19, 20, 21, 22, 23, 24, 25, 26, 27, 28, 29, 30, 31, 32, 33, 34, 35, 36, 37, 40], "excluded_lines": []}}, "classes": {"": {"executed_lines": [], "summary": {"covered_lines": 0, "num_statements": 36, "percent_covered": 0.0, "percent_covered_display": "0", "missing_lines": 36, "excluded_lines": 0}, "missing_lines": [5, 7, 9, 10, 11, 12, 13, 14, 15, 16, 17, 18, 19, 20, 21, 22, 23, 24, 25, 26, 27, 28, 29, 30, 31, 32, 33, 34, 35, 36, 37, 40, 50, 80, 81, 82], "excluded_lines": []}}}, "src/biblicus/extractors/audio_format_converter.py": {"executed_lines": [], "summary": {"covered_lines": 0, "num_statements": 66, "percent_covered": 0.0, "percent_covered_display": "0", "missing_lines": 66, "excluded_lines": 0}, "missing_lines": [8, 10, 11, 12, 14, 16, 17, 18, 19, 22, 34, 36, 37, 38, 41, 55, 57, 67, 68, 69, 70, 75, 78, 79, 80, 85, 87, 114, 117, 118, 120, 126, 127, 128, 129, 134, 137, 138, 141, 142, 154, 157, 158, 160, 161, 164, 168, 169, 171, 173, 176, 184, 202, 204, 213, 215, 216, 217, 218, 219, 220, 221, 222, 223, 224, 227], "excluded_lines": [], "functions": {"AudioFormatConverterExtractor.validate_config": {"executed_lines": [], "summary": {"covered_lines": 0, "num_statements": 9, "percent_covered": 0.0, "percent_covered_display": "0", "missing_lines": 9, "excluded_lines": 0}, "missing_lines": [67, 68, 69, 70, 75, 78, 79, 80, 85], "excluded_lines": []}, "AudioFormatConverterExtractor.extract_text": {"executed_lines": [], "summary": {"covered_lines": 0, "num_statements": 26, "percent_covered": 0.0, "percent_covered_display": "0", "missing_lines": 26, "excluded_lines": 0}, "missing_lines": [114, 117, 118, 120, 126, 127, 128, 129, 134, 137, 138, 141, 142, 154, 157, 158, 160, 161, 164, 168, 169, 171, 173, 176, 184, 202], "excluded_lines": []}, "AudioFormatConverterExtractor._detect_format": {"executed_lines": [], "summary": {"covered_lines": 0, "num_statements": 12, "percent_covered": 0.0, "percent_covered_display": "0", "missing_lines": 12, "excluded_lines": 0}, "missing_lines": [213, 215, 216, 217, 218, 219, 220, 221, 222, 223, 224, 227], "excluded_lines": []}, "": {"executed_lines": [], "summary": {"covered_lines": 0, "num_statements": 19, "percent_covered": 0.0, "percent_covered_display": "0", "missing_lines": 19, "excluded_lines": 0}, "missing_lines": [8, 10, 11, 12, 14, 16, 17, 18, 19, 22, 34, 36, 37, 38, 41, 55, 57, 87, 204], "excluded_lines": []}}, "classes": {"AudioFormatConverterConfig": {"executed_lines": [], "summary": {"covered_lines": 0, "num_statements": 0, "percent_covered": 100.0, "percent_covered_display": "100", "missing_lines": 0, "excluded_lines": 0}, "missing_lines": [], "excluded_lines": []}, "AudioFormatConverterExtractor": {"executed_lines": [], "summary": {"covered_lines": 0, "num_statements": 47, "percent_covered": 0.0, "percent_covered_display": "0", "missing_lines": 47, "excluded_lines": 0}, "missing_lines": [67, 68, 69, 70, 75, 78, 79, 80, 85, 114, 117, 118, 120, 126, 127, 128, 129, 134, 137, 138, 141, 142, 154, 157, 158, 160, 161, 164, 168, 169, 171, 173, 176, 184, 202, 213, 215, 216, 217, 218, 219, 220, 221, 222, 223, 224, 227], "excluded_lines": []}, "": {"executed_lines": [], "summary": {"covered_lines": 0, "num_statements": 19, "percent_covered": 0.0, "percent_covered_display": "0", "missing_lines": 19, "excluded_lines": 0}, "missing_lines": [8, 10, 11, 12, 14, 16, 17, 18, 19, 22, 34, 36, 37, 38, 41, 55, 57, 87, 204], "excluded_lines": []}}}, "src/biblicus/extractors/aws_transcribe_stt.py": {"executed_lines": [], "summary": {"covered_lines": 0, "num_statements": 107, "percent_covered": 0.0, "percent_covered_display": "0", "missing_lines": 107, "excluded_lines": 0}, "missing_lines": [8, 10, 11, 13, 15, 16, 17, 18, 21, 43, 45, 46, 47, 48, 49, 50, 51, 52, 55, 69, 71, 81, 82, 83, 84, 89, 91, 114, 115, 116, 118, 124, 125, 126, 127, 133, 134, 136, 139, 140, 143, 144, 146, 148, 149, 152, 155, 163, 164, 165, 166, 167, 169, 170, 172, 173, 174, 175, 177, 178, 180, 183, 184, 185, 187, 188, 191, 193, 195, 197, 198, 200, 201, 204, 207, 214, 215, 217, 223, 224, 225, 230, 231, 233, 239, 240, 241, 242, 244, 245, 246, 247, 249, 258, 260, 261, 262, 263, 264, 265, 266, 267, 268, 269, 270, 271, 273], "excluded_lines": [], "functions": {"AwsTranscribeSpeechToTextExtractor.validate_config": {"executed_lines": [], "summary": {"covered_lines": 0, "num_statements": 5, "percent_covered": 0.0, "percent_covered_display": "0", "missing_lines": 5, "excluded_lines": 0}, "missing_lines": [81, 82, 83, 84, 89], "excluded_lines": []}, "AwsTranscribeSpeechToTextExtractor.extract_text": {"executed_lines": [], "summary": {"covered_lines": 0, "num_statements": 65, "percent_covered": 0.0, "percent_covered_display": "0", "missing_lines": 65, "excluded_lines": 0}, "missing_lines": [114, 115, 116, 118, 124, 125, 126, 127, 133, 134, 136, 139, 140, 143, 144, 146, 148, 149, 152, 155, 163, 164, 165, 166, 167, 169, 170, 172, 173, 174, 175, 177, 178, 180, 183, 184, 185, 187, 188, 191, 193, 195, 197, 198, 200, 201, 204, 207, 214, 215, 217, 223, 224, 225, 230, 231, 233, 239, 240, 241, 242, 244, 245, 246, 247], "excluded_lines": []}, "AwsTranscribeSpeechToTextExtractor._detect_media_format": {"executed_lines": [], "summary": {"covered_lines": 0, "num_statements": 14, "percent_covered": 0.0, "percent_covered_display": "0", "missing_lines": 14, "excluded_lines": 0}, "missing_lines": [258, 260, 261, 262, 263, 264, 265, 266, 267, 268, 269, 270, 271, 273], "excluded_lines": []}, "": {"executed_lines": [], "summary": {"covered_lines": 0, "num_statements": 23, "percent_covered": 0.0, "percent_covered_display": "0", "missing_lines": 23, "excluded_lines": 0}, "missing_lines": [8, 10, 11, 13, 15, 16, 17, 18, 21, 43, 45, 46, 47, 48, 49, 50, 51, 52, 55, 69, 71, 91, 249], "excluded_lines": []}}, "classes": {"AwsTranscribeSpeechToTextExtractorConfig": {"executed_lines": [], "summary": {"covered_lines": 0, "num_statements": 0, "percent_covered": 100.0, "percent_covered_display": "100", "missing_lines": 0, "excluded_lines": 0}, "missing_lines": [], "excluded_lines": []}, "AwsTranscribeSpeechToTextExtractor": {"executed_lines": [], "summary": {"covered_lines": 0, "num_statements": 84, "percent_covered": 0.0, "percent_covered_display": "0", "missing_lines": 84, "excluded_lines": 0}, "missing_lines": [81, 82, 83, 84, 89, 114, 115, 116, 118, 124, 125, 126, 127, 133, 134, 136, 139, 140, 143, 144, 146, 148, 149, 152, 155, 163, 164, 165, 166, 167, 169, 170, 172, 173, 174, 175, 177, 178, 180, 183, 184, 185, 187, 188, 191, 193, 195, 197, 198, 200, 201, 204, 207, 214, 215, 217, 223, 224, 225, 230, 231, 233, 239, 240, 241, 242, 244, 245, 246, 247, 258, 260, 261, 262, 263, 264, 265, 266, 267, 268, 269, 270, 271, 273], "excluded_lines": []}, "": {"executed_lines": [], "summary": {"covered_lines": 0, "num_statements": 23, "percent_covered": 0.0, "percent_covered_display": "0", "missing_lines": 23, "excluded_lines": 0}, "missing_lines": [8, 10, 11, 13, 15, 16, 17, 18, 21, 43, 45, 46, 47, 48, 49, 50, 51, 52, 55, 69, 71, 91, 249], "excluded_lines": []}}}, "src/biblicus/extractors/azure_speech_stt.py": {"executed_lines": [], "summary": {"covered_lines": 0, "num_statements": 65, "percent_covered": 0.0, "percent_covered_display": "0", "missing_lines": 65, "excluded_lines": 0}, "missing_lines": [8, 10, 12, 14, 15, 16, 17, 20, 36, 38, 39, 40, 41, 42, 45, 56, 58, 68, 69, 70, 71, 77, 78, 79, 80, 85, 87, 110, 111, 112, 114, 120, 121, 122, 123, 128, 129, 130, 131, 136, 139, 140, 145, 150, 153, 154, 155, 156, 158, 161, 162, 165, 168, 174, 176, 177, 186, 188, 193, 194, 195, 196, 197, 198, 200], "excluded_lines": [], "functions": {"AzureSpeechToTextExtractor.validate_config": {"executed_lines": [], "summary": {"covered_lines": 0, "num_statements": 9, "percent_covered": 0.0, "percent_covered_display": "0", "missing_lines": 9, "excluded_lines": 0}, "missing_lines": [68, 69, 70, 71, 77, 78, 79, 80, 85], "excluded_lines": []}, "AzureSpeechToTextExtractor.extract_text": {"executed_lines": [], "summary": {"covered_lines": 0, "num_statements": 38, "percent_covered": 0.0, "percent_covered_display": "0", "missing_lines": 38, "excluded_lines": 0}, "missing_lines": [110, 111, 112, 114, 120, 121, 122, 123, 128, 129, 130, 131, 136, 139, 140, 145, 150, 153, 154, 155, 156, 158, 161, 162, 165, 168, 174, 176, 177, 186, 188, 193, 194, 195, 196, 197, 198, 200], "excluded_lines": []}, "": {"executed_lines": [], "summary": {"covered_lines": 0, "num_statements": 18, "percent_covered": 0.0, "percent_covered_display": "0", "missing_lines": 18, "excluded_lines": 0}, "missing_lines": [8, 10, 12, 14, 15, 16, 17, 20, 36, 38, 39, 40, 41, 42, 45, 56, 58, 87], "excluded_lines": []}}, "classes": {"AzureSpeechToTextExtractorConfig": {"executed_lines": [], "summary": {"covered_lines": 0, "num_statements": 0, "percent_covered": 100.0, "percent_covered_display": "100", "missing_lines": 0, "excluded_lines": 0}, "missing_lines": [], "excluded_lines": []}, "AzureSpeechToTextExtractor": {"executed_lines": [], "summary": {"covered_lines": 0, "num_statements": 47, "percent_covered": 0.0, "percent_covered_display": "0", "missing_lines": 47, "excluded_lines": 0}, "missing_lines": [68, 69, 70, 71, 77, 78, 79, 80, 85, 110, 111, 112, 114, 120, 121, 122, 123, 128, 129, 130, 131, 136, 139, 140, 145, 150, 153, 154, 155, 156, 158, 161, 162, 165, 168, 174, 176, 177, 186, 188, 193, 194, 195, 196, 197, 198, 200], "excluded_lines": []}, "": {"executed_lines": [], "summary": {"covered_lines": 0, "num_statements": 18, "percent_covered": 0.0, "percent_covered_display": "0", "missing_lines": 18, "excluded_lines": 0}, "missing_lines": [8, 10, 12, 14, 15, 16, 17, 20, 36, 38, 39, 40, 41, 42, 45, 56, 58, 87], "excluded_lines": []}}}, "src/biblicus/extractors/base.py": {"executed_lines": [], "summary": {"covered_lines": 0, "num_statements": 14, "percent_covered": 0.0, "percent_covered_display": "0", "missing_lines": 14, "excluded_lines": 0}, "missing_lines": [5, 7, 8, 10, 12, 13, 16, 28, 30, 31, 41, 43, 44, 68], "excluded_lines": [], "functions": {"TextExtractor.validate_config": {"executed_lines": [], "summary": {"covered_lines": 0, "num_statements": 1, "percent_covered": 0.0, "percent_covered_display": "0", "missing_lines": 1, "excluded_lines": 0}, "missing_lines": [41], "excluded_lines": []}, "TextExtractor.extract_text": {"executed_lines": [], "summary": {"covered_lines": 0, "num_statements": 1, "percent_covered": 0.0, "percent_covered_display": "0", "missing_lines": 1, "excluded_lines": 0}, "missing_lines": [68], "excluded_lines": []}, "": {"executed_lines": [], "summary": {"covered_lines": 0, "num_statements": 12, "percent_covered": 0.0, "percent_covered_display": "0", "missing_lines": 12, "excluded_lines": 0}, "missing_lines": [5, 7, 8, 10, 12, 13, 16, 28, 30, 31, 43, 44], "excluded_lines": []}}, "classes": {"TextExtractor": {"executed_lines": [], "summary": {"covered_lines": 0, "num_statements": 2, "percent_covered": 0.0, "percent_covered_display": "0", "missing_lines": 2, "excluded_lines": 0}, "missing_lines": [41, 68], "excluded_lines": []}, "": {"executed_lines": [], "summary": {"covered_lines": 0, "num_statements": 12, "percent_covered": 0.0, "percent_covered_display": "0", "missing_lines": 12, "excluded_lines": 0}, "missing_lines": [5, 7, 8, 10, 12, 13, 16, 28, 30, 31, 43, 44], "excluded_lines": []}}}, "src/biblicus/extractors/docling_granite_text.py": {"executed_lines": [], "summary": {"covered_lines": 0, "num_statements": 58, "percent_covered": 0.0, "percent_covered_display": "0", "missing_lines": 58, "excluded_lines": 0}, "missing_lines": [8, 10, 12, 14, 15, 16, 17, 19, 37, 47, 49, 50, 53, 64, 66, 76, 78, 79, 81, 82, 85, 87, 91, 92, 97, 98, 99, 101, 102, 103, 105, 106, 107, 108, 113, 115, 137, 139, 140, 142, 148, 149, 150, 152, 161, 162, 163, 164, 165, 167, 178, 183, 184, 186, 187, 188, 189, 191], "excluded_lines": [], "functions": {"DoclingGraniteExtractor.validate_config": {"executed_lines": [], "summary": {"covered_lines": 0, "num_statements": 20, "percent_covered": 0.0, "percent_covered_display": "0", "missing_lines": 20, "excluded_lines": 0}, "missing_lines": [76, 78, 79, 81, 82, 85, 87, 91, 92, 97, 98, 99, 101, 102, 103, 105, 106, 107, 108, 113], "excluded_lines": []}, "DoclingGraniteExtractor.extract_text": {"executed_lines": [], "summary": {"covered_lines": 0, "num_statements": 7, "percent_covered": 0.0, "percent_covered_display": "0", "missing_lines": 7, "excluded_lines": 0}, "missing_lines": [137, 139, 140, 142, 148, 149, 150], "excluded_lines": []}, "DoclingGraniteExtractor._is_supported_media_type": {"executed_lines": [], "summary": {"covered_lines": 0, "num_statements": 5, "percent_covered": 0.0, "percent_covered_display": "0", "missing_lines": 5, "excluded_lines": 0}, "missing_lines": [161, 162, 163, 164, 165], "excluded_lines": []}, "DoclingGraniteExtractor._convert_document": {"executed_lines": [], "summary": {"covered_lines": 0, "num_statements": 8, "percent_covered": 0.0, "percent_covered_display": "0", "missing_lines": 8, "excluded_lines": 0}, "missing_lines": [178, 183, 184, 186, 187, 188, 189, 191], "excluded_lines": []}, "": {"executed_lines": [], "summary": {"covered_lines": 0, "num_statements": 18, "percent_covered": 0.0, "percent_covered_display": "0", "missing_lines": 18, "excluded_lines": 0}, "missing_lines": [8, 10, 12, 14, 15, 16, 17, 19, 37, 47, 49, 50, 53, 64, 66, 115, 152, 167], "excluded_lines": []}}, "classes": {"DoclingGraniteExtractorConfig": {"executed_lines": [], "summary": {"covered_lines": 0, "num_statements": 0, "percent_covered": 100.0, "percent_covered_display": "100", "missing_lines": 0, "excluded_lines": 0}, "missing_lines": [], "excluded_lines": []}, "DoclingGraniteExtractor": {"executed_lines": [], "summary": {"covered_lines": 0, "num_statements": 40, "percent_covered": 0.0, "percent_covered_display": "0", "missing_lines": 40, "excluded_lines": 0}, "missing_lines": [76, 78, 79, 81, 82, 85, 87, 91, 92, 97, 98, 99, 101, 102, 103, 105, 106, 107, 108, 113, 137, 139, 140, 142, 148, 149, 150, 161, 162, 163, 164, 165, 178, 183, 184, 186, 187, 188, 189, 191], "excluded_lines": []}, "": {"executed_lines": [], "summary": {"covered_lines": 0, "num_statements": 18, "percent_covered": 0.0, "percent_covered_display": "0", "missing_lines": 18, "excluded_lines": 0}, "missing_lines": [8, 10, 12, 14, 15, 16, 17, 19, 37, 47, 49, 50, 53, 64, 66, 115, 152, 167], "excluded_lines": []}}}, "src/biblicus/extractors/docling_smol_text.py": {"executed_lines": [], "summary": {"covered_lines": 0, "num_statements": 58, "percent_covered": 0.0, "percent_covered_display": "0", "missing_lines": 58, "excluded_lines": 0}, "missing_lines": [8, 10, 12, 14, 15, 16, 17, 19, 37, 47, 49, 50, 53, 64, 66, 76, 78, 79, 81, 82, 85, 87, 91, 92, 97, 98, 99, 101, 102, 103, 105, 106, 107, 108, 113, 115, 137, 139, 140, 142, 148, 149, 150, 152, 161, 162, 163, 164, 165, 167, 178, 183, 184, 186, 187, 188, 189, 191], "excluded_lines": [], "functions": {"DoclingSmolExtractor.validate_config": {"executed_lines": [], "summary": {"covered_lines": 0, "num_statements": 20, "percent_covered": 0.0, "percent_covered_display": "0", "missing_lines": 20, "excluded_lines": 0}, "missing_lines": [76, 78, 79, 81, 82, 85, 87, 91, 92, 97, 98, 99, 101, 102, 103, 105, 106, 107, 108, 113], "excluded_lines": []}, "DoclingSmolExtractor.extract_text": {"executed_lines": [], "summary": {"covered_lines": 0, "num_statements": 7, "percent_covered": 0.0, "percent_covered_display": "0", "missing_lines": 7, "excluded_lines": 0}, "missing_lines": [137, 139, 140, 142, 148, 149, 150], "excluded_lines": []}, "DoclingSmolExtractor._is_supported_media_type": {"executed_lines": [], "summary": {"covered_lines": 0, "num_statements": 5, "percent_covered": 0.0, "percent_covered_display": "0", "missing_lines": 5, "excluded_lines": 0}, "missing_lines": [161, 162, 163, 164, 165], "excluded_lines": []}, "DoclingSmolExtractor._convert_document": {"executed_lines": [], "summary": {"covered_lines": 0, "num_statements": 8, "percent_covered": 0.0, "percent_covered_display": "0", "missing_lines": 8, "excluded_lines": 0}, "missing_lines": [178, 183, 184, 186, 187, 188, 189, 191], "excluded_lines": []}, "": {"executed_lines": [], "summary": {"covered_lines": 0, "num_statements": 18, "percent_covered": 0.0, "percent_covered_display": "0", "missing_lines": 18, "excluded_lines": 0}, "missing_lines": [8, 10, 12, 14, 15, 16, 17, 19, 37, 47, 49, 50, 53, 64, 66, 115, 152, 167], "excluded_lines": []}}, "classes": {"DoclingSmolExtractorConfig": {"executed_lines": [], "summary": {"covered_lines": 0, "num_statements": 0, "percent_covered": 100.0, "percent_covered_display": "100", "missing_lines": 0, "excluded_lines": 0}, "missing_lines": [], "excluded_lines": []}, "DoclingSmolExtractor": {"executed_lines": [], "summary": {"covered_lines": 0, "num_statements": 40, "percent_covered": 0.0, "percent_covered_display": "0", "missing_lines": 40, "excluded_lines": 0}, "missing_lines": [76, 78, 79, 81, 82, 85, 87, 91, 92, 97, 98, 99, 101, 102, 103, 105, 106, 107, 108, 113, 137, 139, 140, 142, 148, 149, 150, 161, 162, 163, 164, 165, 178, 183, 184, 186, 187, 188, 189, 191], "excluded_lines": []}, "": {"executed_lines": [], "summary": {"covered_lines": 0, "num_statements": 18, "percent_covered": 0.0, "percent_covered_display": "0", "missing_lines": 18, "excluded_lines": 0}, "missing_lines": [8, 10, 12, 14, 15, 16, 17, 19, 37, 47, 49, 50, 53, 64, 66, 115, 152, 167], "excluded_lines": []}}}, "src/biblicus/extractors/faster_whisper_stt.py": {"executed_lines": [], "summary": {"covered_lines": 0, "num_statements": 39, "percent_covered": 0.0, "percent_covered_display": "0", "missing_lines": 39, "excluded_lines": 0}, "missing_lines": [9, 11, 13, 15, 16, 17, 18, 21, 37, 39, 40, 41, 42, 43, 46, 58, 60, 70, 71, 72, 73, 78, 80, 103, 104, 105, 107, 113, 114, 115, 116, 122, 128, 131, 138, 139, 140, 142, 144], "excluded_lines": [], "functions": {"FasterWhisperSpeechToTextExtractor.validate_config": {"executed_lines": [], "summary": {"covered_lines": 0, "num_statements": 5, "percent_covered": 0.0, "percent_covered_display": "0", "missing_lines": 5, "excluded_lines": 0}, "missing_lines": [70, 71, 72, 73, 78], "excluded_lines": []}, "FasterWhisperSpeechToTextExtractor.extract_text": {"executed_lines": [], "summary": {"covered_lines": 0, "num_statements": 16, "percent_covered": 0.0, "percent_covered_display": "0", "missing_lines": 16, "excluded_lines": 0}, "missing_lines": [103, 104, 105, 107, 113, 114, 115, 116, 122, 128, 131, 138, 139, 140, 142, 144], "excluded_lines": []}, "": {"executed_lines": [], "summary": {"covered_lines": 0, "num_statements": 18, "percent_covered": 0.0, "percent_covered_display": "0", "missing_lines": 18, "excluded_lines": 0}, "missing_lines": [9, 11, 13, 15, 16, 17, 18, 21, 37, 39, 40, 41, 42, 43, 46, 58, 60, 80], "excluded_lines": []}}, "classes": {"FasterWhisperSpeechToTextExtractorConfig": {"executed_lines": [], "summary": {"covered_lines": 0, "num_statements": 0, "percent_covered": 100.0, "percent_covered_display": "100", "missing_lines": 0, "excluded_lines": 0}, "missing_lines": [], "excluded_lines": []}, "FasterWhisperSpeechToTextExtractor": {"executed_lines": [], "summary": {"covered_lines": 0, "num_statements": 21, "percent_covered": 0.0, "percent_covered_display": "0", "missing_lines": 21, "excluded_lines": 0}, "missing_lines": [70, 71, 72, 73, 78, 103, 104, 105, 107, 113, 114, 115, 116, 122, 128, 131, 138, 139, 140, 142, 144], "excluded_lines": []}, "": {"executed_lines": [], "summary": {"covered_lines": 0, "num_statements": 18, "percent_covered": 0.0, "percent_covered_display": "0", "missing_lines": 18, "excluded_lines": 0}, "missing_lines": [9, 11, 13, 15, 16, 17, 18, 21, 37, 39, 40, 41, 42, 43, 46, 58, 60, 80], "excluded_lines": []}}}, "src/biblicus/extractors/google_speech_stt.py": {"executed_lines": [], "summary": {"covered_lines": 0, "num_statements": 79, "percent_covered": 0.0, "percent_covered_display": "0", "missing_lines": 79, "excluded_lines": 0}, "missing_lines": [8, 10, 12, 14, 15, 16, 17, 20, 40, 42, 43, 44, 45, 46, 47, 48, 51, 63, 65, 75, 76, 77, 78, 84, 85, 86, 87, 92, 94, 117, 118, 119, 121, 127, 128, 129, 130, 135, 138, 141, 142, 145, 148, 151, 160, 161, 164, 165, 168, 169, 170, 172, 175, 178, 179, 184, 185, 186, 187, 190, 191, 192, 193, 195, 197, 203, 212, 214, 216, 217, 218, 219, 220, 221, 222, 223, 224, 225, 227], "excluded_lines": [], "functions": {"GoogleSpeechToTextExtractor.validate_config": {"executed_lines": [], "summary": {"covered_lines": 0, "num_statements": 9, "percent_covered": 0.0, "percent_covered_display": "0", "missing_lines": 9, "excluded_lines": 0}, "missing_lines": [75, 76, 77, 78, 84, 85, 86, 87, 92], "excluded_lines": []}, "GoogleSpeechToTextExtractor.extract_text": {"executed_lines": [], "summary": {"covered_lines": 0, "num_statements": 36, "percent_covered": 0.0, "percent_covered_display": "0", "missing_lines": 36, "excluded_lines": 0}, "missing_lines": [117, 118, 119, 121, 127, 128, 129, 130, 135, 138, 141, 142, 145, 148, 151, 160, 161, 164, 165, 168, 169, 170, 172, 175, 178, 179, 184, 185, 186, 187, 190, 191, 192, 193, 195, 197], "excluded_lines": []}, "GoogleSpeechToTextExtractor._detect_encoding": {"executed_lines": [], "summary": {"covered_lines": 0, "num_statements": 13, "percent_covered": 0.0, "percent_covered_display": "0", "missing_lines": 13, "excluded_lines": 0}, "missing_lines": [212, 214, 216, 217, 218, 219, 220, 221, 222, 223, 224, 225, 227], "excluded_lines": []}, "": {"executed_lines": [], "summary": {"covered_lines": 0, "num_statements": 21, "percent_covered": 0.0, "percent_covered_display": "0", "missing_lines": 21, "excluded_lines": 0}, "missing_lines": [8, 10, 12, 14, 15, 16, 17, 20, 40, 42, 43, 44, 45, 46, 47, 48, 51, 63, 65, 94, 203], "excluded_lines": []}}, "classes": {"GoogleSpeechToTextExtractorConfig": {"executed_lines": [], "summary": {"covered_lines": 0, "num_statements": 0, "percent_covered": 100.0, "percent_covered_display": "100", "missing_lines": 0, "excluded_lines": 0}, "missing_lines": [], "excluded_lines": []}, "GoogleSpeechToTextExtractor": {"executed_lines": [], "summary": {"covered_lines": 0, "num_statements": 58, "percent_covered": 0.0, "percent_covered_display": "0", "missing_lines": 58, "excluded_lines": 0}, "missing_lines": [75, 76, 77, 78, 84, 85, 86, 87, 92, 117, 118, 119, 121, 127, 128, 129, 130, 135, 138, 141, 142, 145, 148, 151, 160, 161, 164, 165, 168, 169, 170, 172, 175, 178, 179, 184, 185, 186, 187, 190, 191, 192, 193, 195, 197, 212, 214, 216, 217, 218, 219, 220, 221, 222, 223, 224, 225, 227], "excluded_lines": []}, "": {"executed_lines": [], "summary": {"covered_lines": 0, "num_statements": 21, "percent_covered": 0.0, "percent_covered_display": "0", "missing_lines": 21, "excluded_lines": 0}, "missing_lines": [8, 10, 12, 14, 15, 16, 17, 20, 40, 42, 43, 44, 45, 46, 47, 48, 51, 63, 65, 94, 203], "excluded_lines": []}}}, "src/biblicus/extractors/heron_layout.py": {"executed_lines": [], "summary": {"covered_lines": 0, "num_statements": 61, "percent_covered": 0.0, "percent_covered_display": "0", "missing_lines": 61, "excluded_lines": 0}, "missing_lines": [12, 14, 15, 17, 19, 20, 21, 22, 25, 35, 37, 38, 41, 59, 61, 71, 73, 74, 75, 79, 80, 85, 87, 109, 112, 113, 115, 121, 124, 127, 133, 146, 147, 148, 151, 152, 154, 158, 159, 162, 163, 164, 167, 170, 171, 174, 175, 182, 183, 184, 185, 186, 187, 190, 193, 194, 196, 198, 206, 208, 216], "excluded_lines": [], "functions": {"HeronLayoutExtractor.validate_config": {"executed_lines": [], "summary": {"covered_lines": 0, "num_statements": 7, "percent_covered": 0.0, "percent_covered_display": "0", "missing_lines": 7, "excluded_lines": 0}, "missing_lines": [71, 73, 74, 75, 79, 80, 85], "excluded_lines": []}, "HeronLayoutExtractor.extract_text": {"executed_lines": [], "summary": {"covered_lines": 0, "num_statements": 7, "percent_covered": 0.0, "percent_covered_display": "0", "missing_lines": 7, "excluded_lines": 0}, "missing_lines": [109, 112, 113, 115, 121, 124, 127], "excluded_lines": []}, "HeronLayoutExtractor._detect_layout": {"executed_lines": [], "summary": {"covered_lines": 0, "num_statements": 30, "percent_covered": 0.0, "percent_covered_display": "0", "missing_lines": 30, "excluded_lines": 0}, "missing_lines": [146, 147, 148, 151, 152, 154, 158, 159, 162, 163, 164, 167, 170, 171, 174, 175, 182, 183, 184, 185, 186, 187, 190, 193, 194, 196, 198, 206, 208, 216], "excluded_lines": []}, "": {"executed_lines": [], "summary": {"covered_lines": 0, "num_statements": 17, "percent_covered": 0.0, "percent_covered_display": "0", "missing_lines": 17, "excluded_lines": 0}, "missing_lines": [12, 14, 15, 17, 19, 20, 21, 22, 25, 35, 37, 38, 41, 59, 61, 87, 133], "excluded_lines": []}}, "classes": {"HeronLayoutConfig": {"executed_lines": [], "summary": {"covered_lines": 0, "num_statements": 0, "percent_covered": 100.0, "percent_covered_display": "100", "missing_lines": 0, "excluded_lines": 0}, "missing_lines": [], "excluded_lines": []}, "HeronLayoutExtractor": {"executed_lines": [], "summary": {"covered_lines": 0, "num_statements": 44, "percent_covered": 0.0, "percent_covered_display": "0", "missing_lines": 44, "excluded_lines": 0}, "missing_lines": [71, 73, 74, 75, 79, 80, 85, 109, 112, 113, 115, 121, 124, 127, 146, 147, 148, 151, 152, 154, 158, 159, 162, 163, 164, 167, 170, 171, 174, 175, 182, 183, 184, 185, 186, 187, 190, 193, 194, 196, 198, 206, 208, 216], "excluded_lines": []}, "": {"executed_lines": [], "summary": {"covered_lines": 0, "num_statements": 17, "percent_covered": 0.0, "percent_covered_display": "0", "missing_lines": 17, "excluded_lines": 0}, "missing_lines": [12, 14, 15, 17, 19, 20, 21, 22, 25, 35, 37, 38, 41, 59, 61, 87, 133], "excluded_lines": []}}}, "src/biblicus/extractors/markitdown_text.py": {"executed_lines": [], "summary": {"covered_lines": 0, "num_statements": 43, "percent_covered": 0.0, "percent_covered_display": "0", "missing_lines": 43, "excluded_lines": 0}, "missing_lines": [7, 9, 10, 12, 14, 15, 16, 17, 20, 28, 30, 33, 45, 47, 57, 58, 59, 60, 61, 65, 66, 70, 72, 94, 99, 100, 101, 102, 104, 106, 107, 108, 109, 110, 113, 122, 123, 124, 125, 126, 127, 128, 129], "excluded_lines": [], "functions": {"MarkItDownExtractor.validate_config": {"executed_lines": [], "summary": {"covered_lines": 0, "num_statements": 8, "percent_covered": 0.0, "percent_covered_display": "0", "missing_lines": 8, "excluded_lines": 0}, "missing_lines": [57, 58, 59, 60, 61, 65, 66, 70], "excluded_lines": []}, "MarkItDownExtractor.extract_text": {"executed_lines": [], "summary": {"covered_lines": 0, "num_statements": 11, "percent_covered": 0.0, "percent_covered_display": "0", "missing_lines": 11, "excluded_lines": 0}, "missing_lines": [94, 99, 100, 101, 102, 104, 106, 107, 108, 109, 110], "excluded_lines": []}, "_resolve_markitdown_text": {"executed_lines": [], "summary": {"covered_lines": 0, "num_statements": 8, "percent_covered": 0.0, "percent_covered_display": "0", "missing_lines": 8, "excluded_lines": 0}, "missing_lines": [122, 123, 124, 125, 126, 127, 128, 129], "excluded_lines": []}, "": {"executed_lines": [], "summary": {"covered_lines": 0, "num_statements": 16, "percent_covered": 0.0, "percent_covered_display": "0", "missing_lines": 16, "excluded_lines": 0}, "missing_lines": [7, 9, 10, 12, 14, 15, 16, 17, 20, 28, 30, 33, 45, 47, 72, 113], "excluded_lines": []}}, "classes": {"MarkItDownExtractorConfig": {"executed_lines": [], "summary": {"covered_lines": 0, "num_statements": 0, "percent_covered": 100.0, "percent_covered_display": "100", "missing_lines": 0, "excluded_lines": 0}, "missing_lines": [], "excluded_lines": []}, "MarkItDownExtractor": {"executed_lines": [], "summary": {"covered_lines": 0, "num_statements": 19, "percent_covered": 0.0, "percent_covered_display": "0", "missing_lines": 19, "excluded_lines": 0}, "missing_lines": [57, 58, 59, 60, 61, 65, 66, 70, 94, 99, 100, 101, 102, 104, 106, 107, 108, 109, 110], "excluded_lines": []}, "": {"executed_lines": [], "summary": {"covered_lines": 0, "num_statements": 24, "percent_covered": 0.0, "percent_covered_display": "0", "missing_lines": 24, "excluded_lines": 0}, "missing_lines": [7, 9, 10, 12, 14, 15, 16, 17, 20, 28, 30, 33, 45, 47, 72, 113, 122, 123, 124, 125, 126, 127, 128, 129], "excluded_lines": []}}}, "src/biblicus/extractors/metadata_text.py": {"executed_lines": [], "summary": {"covered_lines": 0, "num_statements": 26, "percent_covered": 0.0, "percent_covered_display": "0", "missing_lines": 26, "excluded_lines": 0}, "missing_lines": [5, 7, 9, 11, 12, 15, 28, 30, 31, 34, 52, 54, 63, 65, 87, 92, 93, 94, 96, 97, 99, 100, 101, 103, 104, 106], "excluded_lines": [], "functions": {"MetadataTextExtractor.validate_config": {"executed_lines": [], "summary": {"covered_lines": 0, "num_statements": 1, "percent_covered": 0.0, "percent_covered_display": "0", "missing_lines": 1, "excluded_lines": 0}, "missing_lines": [63], "excluded_lines": []}, "MetadataTextExtractor.extract_text": {"executed_lines": [], "summary": {"covered_lines": 0, "num_statements": 12, "percent_covered": 0.0, "percent_covered_display": "0", "missing_lines": 12, "excluded_lines": 0}, "missing_lines": [87, 92, 93, 94, 96, 97, 99, 100, 101, 103, 104, 106], "excluded_lines": []}, "": {"executed_lines": [], "summary": {"covered_lines": 0, "num_statements": 13, "percent_covered": 0.0, "percent_covered_display": "0", "missing_lines": 13, "excluded_lines": 0}, "missing_lines": [5, 7, 9, 11, 12, 15, 28, 30, 31, 34, 52, 54, 65], "excluded_lines": []}}, "classes": {"MetadataTextExtractorConfig": {"executed_lines": [], "summary": {"covered_lines": 0, "num_statements": 0, "percent_covered": 100.0, "percent_covered_display": "100", "missing_lines": 0, "excluded_lines": 0}, "missing_lines": [], "excluded_lines": []}, "MetadataTextExtractor": {"executed_lines": [], "summary": {"covered_lines": 0, "num_statements": 13, "percent_covered": 0.0, "percent_covered_display": "0", "missing_lines": 13, "excluded_lines": 0}, "missing_lines": [63, 87, 92, 93, 94, 96, 97, 99, 100, 101, 103, 104, 106], "excluded_lines": []}, "": {"executed_lines": [], "summary": {"covered_lines": 0, "num_statements": 13, "percent_covered": 0.0, "percent_covered_display": "0", "missing_lines": 13, "excluded_lines": 0}, "missing_lines": [5, 7, 9, 11, 12, 15, 28, 30, 31, 34, 52, 54, 65], "excluded_lines": []}}}, "src/biblicus/extractors/mock_layout_detector.py": {"executed_lines": [], "summary": {"covered_lines": 0, "num_statements": 31, "percent_covered": 0.0, "percent_covered_display": "0", "missing_lines": 31, "excluded_lines": 0}, "missing_lines": [8, 10, 12, 14, 15, 16, 19, 27, 29, 31, 32, 33, 34, 35, 39, 42, 50, 52, 61, 63, 85, 86, 88, 89, 91, 97, 99, 106, 115, 133, 135], "excluded_lines": [], "functions": {"MockLayoutDetectorConfig._validate_layout_type": {"executed_lines": [], "summary": {"covered_lines": 0, "num_statements": 4, "percent_covered": 0.0, "percent_covered_display": "0", "missing_lines": 4, "excluded_lines": 0}, "missing_lines": [33, 34, 35, 39], "excluded_lines": []}, "MockLayoutDetectorExtractor.validate_config": {"executed_lines": [], "summary": {"covered_lines": 0, "num_statements": 1, "percent_covered": 0.0, "percent_covered_display": "0", "missing_lines": 1, "excluded_lines": 0}, "missing_lines": [61], "excluded_lines": []}, "MockLayoutDetectorExtractor.extract_text": {"executed_lines": [], "summary": {"covered_lines": 0, "num_statements": 7, "percent_covered": 0.0, "percent_covered_display": "0", "missing_lines": 7, "excluded_lines": 0}, "missing_lines": [85, 86, 88, 89, 91, 97, 99], "excluded_lines": []}, "_layout_metadata_for": {"executed_lines": [], "summary": {"covered_lines": 0, "num_statements": 3, "percent_covered": 0.0, "percent_covered_display": "0", "missing_lines": 3, "excluded_lines": 0}, "missing_lines": [115, 133, 135], "excluded_lines": []}, "": {"executed_lines": [], "summary": {"covered_lines": 0, "num_statements": 16, "percent_covered": 0.0, "percent_covered_display": "0", "missing_lines": 16, "excluded_lines": 0}, "missing_lines": [8, 10, 12, 14, 15, 16, 19, 27, 29, 31, 32, 42, 50, 52, 63, 106], "excluded_lines": []}}, "classes": {"MockLayoutDetectorConfig": {"executed_lines": [], "summary": {"covered_lines": 0, "num_statements": 4, "percent_covered": 0.0, "percent_covered_display": "0", "missing_lines": 4, "excluded_lines": 0}, "missing_lines": [33, 34, 35, 39], "excluded_lines": []}, "MockLayoutDetectorExtractor": {"executed_lines": [], "summary": {"covered_lines": 0, "num_statements": 8, "percent_covered": 0.0, "percent_covered_display": "0", "missing_lines": 8, "excluded_lines": 0}, "missing_lines": [61, 85, 86, 88, 89, 91, 97, 99], "excluded_lines": []}, "": {"executed_lines": [], "summary": {"covered_lines": 0, "num_statements": 19, "percent_covered": 0.0, "percent_covered_display": "0", "missing_lines": 19, "excluded_lines": 0}, "missing_lines": [8, 10, 12, 14, 15, 16, 19, 27, 29, 31, 32, 42, 50, 52, 63, 106, 115, 133, 135], "excluded_lines": []}}}, "src/biblicus/extractors/openai_audio_stt.py": {"executed_lines": [], "summary": {"covered_lines": 0, "num_statements": 67, "percent_covered": 0.0, "percent_covered_display": "0", "missing_lines": 67, "excluded_lines": 0}, "missing_lines": [8, 10, 12, 14, 15, 16, 17, 18, 21, 31, 33, 34, 40, 51, 53, 63, 64, 65, 66, 71, 72, 73, 79, 81, 104, 105, 106, 108, 114, 115, 116, 122, 123, 124, 125, 130, 131, 134, 135, 136, 137, 138, 139, 140, 141, 142, 143, 145, 149, 150, 151, 153, 154, 156, 159, 162, 163, 164, 165, 168, 169, 170, 173, 174, 176, 198, 200], "excluded_lines": [], "functions": {"OpenAiAudioSpeechToTextExtractor.validate_config": {"executed_lines": [], "summary": {"covered_lines": 0, "num_statements": 8, "percent_covered": 0.0, "percent_covered_display": "0", "missing_lines": 8, "excluded_lines": 0}, "missing_lines": [63, 64, 65, 66, 71, 72, 73, 79], "excluded_lines": []}, "OpenAiAudioSpeechToTextExtractor.extract_text": {"executed_lines": [], "summary": {"covered_lines": 0, "num_statements": 43, "percent_covered": 0.0, "percent_covered_display": "0", "missing_lines": 43, "excluded_lines": 0}, "missing_lines": [104, 105, 106, 108, 114, 115, 116, 122, 123, 124, 125, 130, 131, 134, 135, 136, 137, 138, 139, 140, 141, 142, 143, 145, 149, 150, 151, 153, 154, 156, 159, 162, 163, 164, 165, 168, 169, 170, 173, 174, 176, 198, 200], "excluded_lines": []}, "": {"executed_lines": [], "summary": {"covered_lines": 0, "num_statements": 16, "percent_covered": 0.0, "percent_covered_display": "0", "missing_lines": 16, "excluded_lines": 0}, "missing_lines": [8, 10, 12, 14, 15, 16, 17, 18, 21, 31, 33, 34, 40, 51, 53, 81], "excluded_lines": []}}, "classes": {"OpenAiAudioSpeechToTextExtractorConfig": {"executed_lines": [], "summary": {"covered_lines": 0, "num_statements": 0, "percent_covered": 100.0, "percent_covered_display": "100", "missing_lines": 0, "excluded_lines": 0}, "missing_lines": [], "excluded_lines": []}, "OpenAiAudioSpeechToTextExtractor": {"executed_lines": [], "summary": {"covered_lines": 0, "num_statements": 51, "percent_covered": 0.0, "percent_covered_display": "0", "missing_lines": 51, "excluded_lines": 0}, "missing_lines": [63, 64, 65, 66, 71, 72, 73, 79, 104, 105, 106, 108, 114, 115, 116, 122, 123, 124, 125, 130, 131, 134, 135, 136, 137, 138, 139, 140, 141, 142, 143, 145, 149, 150, 151, 153, 154, 156, 159, 162, 163, 164, 165, 168, 169, 170, 173, 174, 176, 198, 200], "excluded_lines": []}, "": {"executed_lines": [], "summary": {"covered_lines": 0, "num_statements": 16, "percent_covered": 0.0, "percent_covered_display": "0", "missing_lines": 16, "excluded_lines": 0}, "missing_lines": [8, 10, 12, 14, 15, 16, 17, 18, 21, 31, 33, 34, 40, 51, 53, 81], "excluded_lines": []}}}, "src/biblicus/extractors/openai_stt.py": {"executed_lines": [], "summary": {"covered_lines": 0, "num_statements": 65, "percent_covered": 0.0, "percent_covered_display": "0", "missing_lines": 65, "excluded_lines": 0}, "missing_lines": [7, 9, 11, 13, 14, 15, 16, 17, 20, 36, 38, 39, 40, 41, 42, 44, 45, 46, 47, 48, 49, 53, 56, 67, 69, 79, 80, 81, 82, 87, 88, 89, 95, 97, 120, 121, 122, 124, 130, 131, 132, 138, 139, 140, 141, 146, 147, 148, 149, 158, 160, 161, 162, 163, 168, 169, 170, 171, 172, 173, 174, 175, 176, 178, 180], "excluded_lines": [], "functions": {"OpenAiSpeechToTextExtractorConfig._validate_no_speech_threshold": {"executed_lines": [], "summary": {"covered_lines": 0, "num_statements": 5, "percent_covered": 0.0, "percent_covered_display": "0", "missing_lines": 5, "excluded_lines": 0}, "missing_lines": [46, 47, 48, 49, 53], "excluded_lines": []}, "OpenAiSpeechToTextExtractor.validate_config": {"executed_lines": [], "summary": {"covered_lines": 0, "num_statements": 8, "percent_covered": 0.0, "percent_covered_display": "0", "missing_lines": 8, "excluded_lines": 0}, "missing_lines": [79, 80, 81, 82, 87, 88, 89, 95], "excluded_lines": []}, "OpenAiSpeechToTextExtractor.extract_text": {"executed_lines": [], "summary": {"covered_lines": 0, "num_statements": 31, "percent_covered": 0.0, "percent_covered_display": "0", "missing_lines": 31, "excluded_lines": 0}, "missing_lines": [120, 121, 122, 124, 130, 131, 132, 138, 139, 140, 141, 146, 147, 148, 149, 158, 160, 161, 162, 163, 168, 169, 170, 171, 172, 173, 174, 175, 176, 178, 180], "excluded_lines": []}, "": {"executed_lines": [], "summary": {"covered_lines": 0, "num_statements": 21, "percent_covered": 0.0, "percent_covered_display": "0", "missing_lines": 21, "excluded_lines": 0}, "missing_lines": [7, 9, 11, 13, 14, 15, 16, 17, 20, 36, 38, 39, 40, 41, 42, 44, 45, 56, 67, 69, 97], "excluded_lines": []}}, "classes": {"OpenAiSpeechToTextExtractorConfig": {"executed_lines": [], "summary": {"covered_lines": 0, "num_statements": 5, "percent_covered": 0.0, "percent_covered_display": "0", "missing_lines": 5, "excluded_lines": 0}, "missing_lines": [46, 47, 48, 49, 53], "excluded_lines": []}, "OpenAiSpeechToTextExtractor": {"executed_lines": [], "summary": {"covered_lines": 0, "num_statements": 39, "percent_covered": 0.0, "percent_covered_display": "0", "missing_lines": 39, "excluded_lines": 0}, "missing_lines": [79, 80, 81, 82, 87, 88, 89, 95, 120, 121, 122, 124, 130, 131, 132, 138, 139, 140, 141, 146, 147, 148, 149, 158, 160, 161, 162, 163, 168, 169, 170, 171, 172, 173, 174, 175, 176, 178, 180], "excluded_lines": []}, "": {"executed_lines": [], "summary": {"covered_lines": 0, "num_statements": 21, "percent_covered": 0.0, "percent_covered_display": "0", "missing_lines": 21, "excluded_lines": 0}, "missing_lines": [7, 9, 11, 13, 14, 15, 16, 17, 20, 36, 38, 39, 40, 41, 42, 44, 45, 56, 67, 69, 97], "excluded_lines": []}}}, "src/biblicus/extractors/paddleocr_layout.py": {"executed_lines": [], "summary": {"covered_lines": 0, "num_statements": 55, "percent_covered": 0.0, "percent_covered_display": "0", "missing_lines": 55, "excluded_lines": 0}, "missing_lines": [12, 14, 15, 17, 19, 20, 21, 22, 25, 33, 35, 38, 51, 53, 63, 65, 66, 67, 68, 73, 75, 97, 100, 101, 103, 109, 112, 115, 121, 134, 135, 137, 138, 142, 145, 146, 147, 150, 153, 156, 158, 160, 162, 163, 166, 167, 169, 170, 173, 175, 183, 190, 202, 203, 205], "excluded_lines": [], "functions": {"PaddleOCRLayoutExtractor.validate_config": {"executed_lines": [], "summary": {"covered_lines": 0, "num_statements": 6, "percent_covered": 0.0, "percent_covered_display": "0", "missing_lines": 6, "excluded_lines": 0}, "missing_lines": [63, 65, 66, 67, 68, 73], "excluded_lines": []}, "PaddleOCRLayoutExtractor.extract_text": {"executed_lines": [], "summary": {"covered_lines": 0, "num_statements": 7, "percent_covered": 0.0, "percent_covered_display": "0", "missing_lines": 7, "excluded_lines": 0}, "missing_lines": [97, 100, 101, 103, 109, 112, 115], "excluded_lines": []}, "PaddleOCRLayoutExtractor._detect_layout": {"executed_lines": [], "summary": {"covered_lines": 0, "num_statements": 22, "percent_covered": 0.0, "percent_covered_display": "0", "missing_lines": 22, "excluded_lines": 0}, "missing_lines": [134, 135, 137, 138, 142, 145, 146, 147, 150, 153, 156, 158, 160, 162, 163, 166, 167, 169, 170, 173, 175, 183], "excluded_lines": []}, "PaddleOCRLayoutExtractor._parse_region": {"executed_lines": [], "summary": {"covered_lines": 0, "num_statements": 3, "percent_covered": 0.0, "percent_covered_display": "0", "missing_lines": 3, "excluded_lines": 0}, "missing_lines": [202, 203, 205], "excluded_lines": []}, "": {"executed_lines": [], "summary": {"covered_lines": 0, "num_statements": 17, "percent_covered": 0.0, "percent_covered_display": "0", "missing_lines": 17, "excluded_lines": 0}, "missing_lines": [12, 14, 15, 17, 19, 20, 21, 22, 25, 33, 35, 38, 51, 53, 75, 121, 190], "excluded_lines": []}}, "classes": {"PaddleOCRLayoutConfig": {"executed_lines": [], "summary": {"covered_lines": 0, "num_statements": 0, "percent_covered": 100.0, "percent_covered_display": "100", "missing_lines": 0, "excluded_lines": 0}, "missing_lines": [], "excluded_lines": []}, "PaddleOCRLayoutExtractor": {"executed_lines": [], "summary": {"covered_lines": 0, "num_statements": 38, "percent_covered": 0.0, "percent_covered_display": "0", "missing_lines": 38, "excluded_lines": 0}, "missing_lines": [63, 65, 66, 67, 68, 73, 97, 100, 101, 103, 109, 112, 115, 134, 135, 137, 138, 142, 145, 146, 147, 150, 153, 156, 158, 160, 162, 163, 166, 167, 169, 170, 173, 175, 183, 202, 203, 205], "excluded_lines": []}, "": {"executed_lines": [], "summary": {"covered_lines": 0, "num_statements": 17, "percent_covered": 0.0, "percent_covered_display": "0", "missing_lines": 17, "excluded_lines": 0}, "missing_lines": [12, 14, 15, 17, 19, 20, 21, 22, 25, 33, 35, 38, 51, 53, 75, 121, 190], "excluded_lines": []}}}, "src/biblicus/extractors/paddleocr_vl_text.py": {"executed_lines": [], "summary": {"covered_lines": 0, "num_statements": 128, "percent_covered": 0.0, "percent_covered_display": "0", "missing_lines": 128, "excluded_lines": 0}, "missing_lines": [11, 13, 14, 16, 18, 19, 20, 21, 22, 25, 41, 43, 46, 47, 48, 49, 52, 63, 65, 67, 77, 79, 80, 81, 82, 83, 84, 85, 87, 89, 91, 92, 93, 94, 95, 101, 105, 106, 107, 113, 115, 137, 139, 140, 142, 148, 150, 151, 153, 157, 159, 165, 178, 180, 181, 182, 183, 187, 188, 190, 191, 193, 194, 197, 198, 199, 202, 203, 204, 206, 207, 208, 209, 210, 211, 212, 215, 216, 217, 218, 219, 220, 221, 222, 223, 224, 225, 226, 227, 228, 230, 231, 233, 235, 250, 251, 253, 255, 270, 272, 274, 275, 277, 279, 280, 281, 287, 289, 290, 292, 305, 306, 307, 308, 309, 310, 311, 312, 313, 314, 315, 316, 317, 318, 319, 320, 321, 322], "excluded_lines": [], "functions": {"PaddleOcrVlExtractor.validate_config": {"executed_lines": [], "summary": {"covered_lines": 0, "num_statements": 20, "percent_covered": 0.0, "percent_covered_display": "0", "missing_lines": 20, "excluded_lines": 0}, "missing_lines": [77, 79, 80, 81, 82, 83, 84, 85, 87, 89, 91, 92, 93, 94, 95, 101, 105, 106, 107, 113], "excluded_lines": []}, "PaddleOcrVlExtractor.extract_text": {"executed_lines": [], "summary": {"covered_lines": 0, "num_statements": 10, "percent_covered": 0.0, "percent_covered_display": "0", "missing_lines": 10, "excluded_lines": 0}, "missing_lines": [137, 139, 140, 142, 148, 150, 151, 153, 157, 159], "excluded_lines": []}, "PaddleOcrVlExtractor._extract_local": {"executed_lines": [], "summary": {"covered_lines": 0, "num_statements": 41, "percent_covered": 0.0, "percent_covered_display": "0", "missing_lines": 41, "excluded_lines": 0}, "missing_lines": [178, 180, 181, 182, 183, 187, 188, 190, 191, 193, 194, 197, 198, 199, 202, 203, 204, 206, 207, 208, 209, 210, 211, 212, 215, 216, 217, 218, 219, 220, 221, 222, 223, 224, 225, 226, 227, 228, 230, 231, 233], "excluded_lines": []}, "PaddleOcrVlExtractor._extract_via_api": {"executed_lines": [], "summary": {"covered_lines": 0, "num_statements": 3, "percent_covered": 0.0, "percent_covered_display": "0", "missing_lines": 3, "excluded_lines": 0}, "missing_lines": [250, 251, 253], "excluded_lines": []}, "PaddleOcrVlExtractor._extract_via_huggingface_api": {"executed_lines": [], "summary": {"covered_lines": 0, "num_statements": 11, "percent_covered": 0.0, "percent_covered_display": "0", "missing_lines": 11, "excluded_lines": 0}, "missing_lines": [270, 272, 274, 275, 277, 279, 280, 281, 287, 289, 290], "excluded_lines": []}, "PaddleOcrVlExtractor._parse_api_response": {"executed_lines": [], "summary": {"covered_lines": 0, "num_statements": 18, "percent_covered": 0.0, "percent_covered_display": "0", "missing_lines": 18, "excluded_lines": 0}, "missing_lines": [305, 306, 307, 308, 309, 310, 311, 312, 313, 314, 315, 316, 317, 318, 319, 320, 321, 322], "excluded_lines": []}, "": {"executed_lines": [], "summary": {"covered_lines": 0, "num_statements": 25, "percent_covered": 0.0, "percent_covered_display": "0", "missing_lines": 25, "excluded_lines": 0}, "missing_lines": [11, 13, 14, 16, 18, 19, 20, 21, 22, 25, 41, 43, 46, 47, 48, 49, 52, 63, 65, 67, 115, 165, 235, 255, 292], "excluded_lines": []}}, "classes": {"PaddleOcrVlExtractorConfig": {"executed_lines": [], "summary": {"covered_lines": 0, "num_statements": 0, "percent_covered": 100.0, "percent_covered_display": "100", "missing_lines": 0, "excluded_lines": 0}, "missing_lines": [], "excluded_lines": []}, "PaddleOcrVlExtractor": {"executed_lines": [], "summary": {"covered_lines": 0, "num_statements": 103, "percent_covered": 0.0, "percent_covered_display": "0", "missing_lines": 103, "excluded_lines": 0}, "missing_lines": [77, 79, 80, 81, 82, 83, 84, 85, 87, 89, 91, 92, 93, 94, 95, 101, 105, 106, 107, 113, 137, 139, 140, 142, 148, 150, 151, 153, 157, 159, 178, 180, 181, 182, 183, 187, 188, 190, 191, 193, 194, 197, 198, 199, 202, 203, 204, 206, 207, 208, 209, 210, 211, 212, 215, 216, 217, 218, 219, 220, 221, 222, 223, 224, 225, 226, 227, 228, 230, 231, 233, 250, 251, 253, 270, 272, 274, 275, 277, 279, 280, 281, 287, 289, 290, 305, 306, 307, 308, 309, 310, 311, 312, 313, 314, 315, 316, 317, 318, 319, 320, 321, 322], "excluded_lines": []}, "": {"executed_lines": [], "summary": {"covered_lines": 0, "num_statements": 25, "percent_covered": 0.0, "percent_covered_display": "0", "missing_lines": 25, "excluded_lines": 0}, "missing_lines": [11, 13, 14, 16, 18, 19, 20, 21, 22, 25, 41, 43, 46, 47, 48, 49, 52, 63, 65, 67, 115, 165, 235, 255, 292], "excluded_lines": []}}}, "src/biblicus/extractors/pass_through_text.py": {"executed_lines": [], "summary": {"covered_lines": 0, "num_statements": 25, "percent_covered": 0.0, "percent_covered_display": "0", "missing_lines": 25, "excluded_lines": 0}, "missing_lines": [5, 7, 9, 11, 12, 13, 14, 17, 24, 27, 37, 39, 48, 50, 72, 73, 74, 75, 76, 77, 78, 79, 80, 81, 82], "excluded_lines": [], "functions": {"PassThroughTextExtractor.validate_config": {"executed_lines": [], "summary": {"covered_lines": 0, "num_statements": 1, "percent_covered": 0.0, "percent_covered_display": "0", "missing_lines": 1, "excluded_lines": 0}, "missing_lines": [48], "excluded_lines": []}, "PassThroughTextExtractor.extract_text": {"executed_lines": [], "summary": {"covered_lines": 0, "num_statements": 11, "percent_covered": 0.0, "percent_covered_display": "0", "missing_lines": 11, "excluded_lines": 0}, "missing_lines": [72, 73, 74, 75, 76, 77, 78, 79, 80, 81, 82], "excluded_lines": []}, "": {"executed_lines": [], "summary": {"covered_lines": 0, "num_statements": 13, "percent_covered": 0.0, "percent_covered_display": "0", "missing_lines": 13, "excluded_lines": 0}, "missing_lines": [5, 7, 9, 11, 12, 13, 14, 17, 24, 27, 37, 39, 50], "excluded_lines": []}}, "classes": {"PassThroughTextExtractorConfig": {"executed_lines": [], "summary": {"covered_lines": 0, "num_statements": 0, "percent_covered": 100.0, "percent_covered_display": "100", "missing_lines": 0, "excluded_lines": 0}, "missing_lines": [], "excluded_lines": []}, "PassThroughTextExtractor": {"executed_lines": [], "summary": {"covered_lines": 0, "num_statements": 12, "percent_covered": 0.0, "percent_covered_display": "0", "missing_lines": 12, "excluded_lines": 0}, "missing_lines": [48, 72, 73, 74, 75, 76, 77, 78, 79, 80, 81, 82], "excluded_lines": []}, "": {"executed_lines": [], "summary": {"covered_lines": 0, "num_statements": 13, "percent_covered": 0.0, "percent_covered_display": "0", "missing_lines": 13, "excluded_lines": 0}, "missing_lines": [5, 7, 9, 11, 12, 13, 14, 17, 24, 27, 37, 39, 50], "excluded_lines": []}}}, "src/biblicus/extractors/pdf_text.py": {"executed_lines": [], "summary": {"covered_lines": 0, "num_statements": 31, "percent_covered": 0.0, "percent_covered_display": "0", "missing_lines": 31, "excluded_lines": 0}, "missing_lines": [5, 7, 8, 10, 11, 13, 14, 17, 25, 27, 30, 41, 43, 52, 54, 76, 77, 79, 80, 86, 87, 88, 90, 91, 92, 93, 95, 96, 97, 99, 100], "excluded_lines": [], "functions": {"PortableDocumentFormatTextExtractor.validate_config": {"executed_lines": [], "summary": {"covered_lines": 0, "num_statements": 1, "percent_covered": 0.0, "percent_covered_display": "0", "missing_lines": 1, "excluded_lines": 0}, "missing_lines": [52], "excluded_lines": []}, "PortableDocumentFormatTextExtractor.extract_text": {"executed_lines": [], "summary": {"covered_lines": 0, "num_statements": 16, "percent_covered": 0.0, "percent_covered_display": "0", "missing_lines": 16, "excluded_lines": 0}, "missing_lines": [76, 77, 79, 80, 86, 87, 88, 90, 91, 92, 93, 95, 96, 97, 99, 100], "excluded_lines": []}, "": {"executed_lines": [], "summary": {"covered_lines": 0, "num_statements": 14, "percent_covered": 0.0, "percent_covered_display": "0", "missing_lines": 14, "excluded_lines": 0}, "missing_lines": [5, 7, 8, 10, 11, 13, 14, 17, 25, 27, 30, 41, 43, 54], "excluded_lines": []}}, "classes": {"PortableDocumentFormatTextExtractorConfig": {"executed_lines": [], "summary": {"covered_lines": 0, "num_statements": 0, "percent_covered": 100.0, "percent_covered_display": "100", "missing_lines": 0, "excluded_lines": 0}, "missing_lines": [], "excluded_lines": []}, "PortableDocumentFormatTextExtractor": {"executed_lines": [], "summary": {"covered_lines": 0, "num_statements": 17, "percent_covered": 0.0, "percent_covered_display": "0", "missing_lines": 17, "excluded_lines": 0}, "missing_lines": [52, 76, 77, 79, 80, 86, 87, 88, 90, 91, 92, 93, 95, 96, 97, 99, 100], "excluded_lines": []}, "": {"executed_lines": [], "summary": {"covered_lines": 0, "num_statements": 14, "percent_covered": 0.0, "percent_covered_display": "0", "missing_lines": 14, "excluded_lines": 0}, "missing_lines": [5, 7, 8, 10, 11, 13, 14, 17, 25, 27, 30, 41, 43, 54], "excluded_lines": []}}}, "src/biblicus/extractors/pipeline.py": {"executed_lines": [], "summary": {"covered_lines": 0, "num_statements": 29, "percent_covered": 0.0, "percent_covered_display": "0", "missing_lines": 29, "excluded_lines": 0}, "missing_lines": [5, 7, 9, 11, 12, 13, 14, 17, 27, 29, 30, 33, 41, 43, 45, 46, 47, 48, 49, 52, 63, 65, 74, 76, 99, 100, 101, 102, 103], "excluded_lines": [], "functions": {"PipelineExtractorConfig._forbid_pipeline_stage": {"executed_lines": [], "summary": {"covered_lines": 0, "num_statements": 3, "percent_covered": 0.0, "percent_covered_display": "0", "missing_lines": 3, "excluded_lines": 0}, "missing_lines": [47, 48, 49], "excluded_lines": []}, "PipelineExtractor.validate_config": {"executed_lines": [], "summary": {"covered_lines": 0, "num_statements": 1, "percent_covered": 0.0, "percent_covered_display": "0", "missing_lines": 1, "excluded_lines": 0}, "missing_lines": [74], "excluded_lines": []}, "PipelineExtractor.extract_text": {"executed_lines": [], "summary": {"covered_lines": 0, "num_statements": 5, "percent_covered": 0.0, "percent_covered_display": "0", "missing_lines": 5, "excluded_lines": 0}, "missing_lines": [99, 100, 101, 102, 103], "excluded_lines": []}, "": {"executed_lines": [], "summary": {"covered_lines": 0, "num_statements": 20, "percent_covered": 0.0, "percent_covered_display": "0", "missing_lines": 20, "excluded_lines": 0}, "missing_lines": [5, 7, 9, 11, 12, 13, 14, 17, 27, 29, 30, 33, 41, 43, 45, 46, 52, 63, 65, 76], "excluded_lines": []}}, "classes": {"PipelineStageSpec": {"executed_lines": [], "summary": {"covered_lines": 0, "num_statements": 0, "percent_covered": 100.0, "percent_covered_display": "100", "missing_lines": 0, "excluded_lines": 0}, "missing_lines": [], "excluded_lines": []}, "PipelineExtractorConfig": {"executed_lines": [], "summary": {"covered_lines": 0, "num_statements": 3, "percent_covered": 0.0, "percent_covered_display": "0", "missing_lines": 3, "excluded_lines": 0}, "missing_lines": [47, 48, 49], "excluded_lines": []}, "PipelineExtractor": {"executed_lines": [], "summary": {"covered_lines": 0, "num_statements": 6, "percent_covered": 0.0, "percent_covered_display": "0", "missing_lines": 6, "excluded_lines": 0}, "missing_lines": [74, 99, 100, 101, 102, 103], "excluded_lines": []}, "": {"executed_lines": [], "summary": {"covered_lines": 0, "num_statements": 20, "percent_covered": 0.0, "percent_covered_display": "0", "missing_lines": 20, "excluded_lines": 0}, "missing_lines": [5, 7, 9, 11, 12, 13, 14, 17, 27, 29, 30, 33, 41, 43, 45, 46, 52, 63, 65, 76], "excluded_lines": []}}}, "src/biblicus/extractors/rapidocr_text.py": {"executed_lines": [], "summary": {"covered_lines": 0, "num_statements": 52, "percent_covered": 0.0, "percent_covered_display": "0", "missing_lines": 52, "excluded_lines": 0}, "missing_lines": [8, 10, 12, 14, 15, 16, 17, 20, 30, 32, 33, 36, 47, 49, 59, 60, 61, 62, 67, 69, 91, 92, 93, 94, 96, 102, 104, 105, 106, 108, 109, 111, 112, 113, 114, 115, 116, 117, 118, 119, 120, 121, 122, 123, 124, 125, 126, 127, 128, 130, 131, 132], "excluded_lines": [], "functions": {"RapidOcrExtractor.validate_config": {"executed_lines": [], "summary": {"covered_lines": 0, "num_statements": 5, "percent_covered": 0.0, "percent_covered_display": "0", "missing_lines": 5, "excluded_lines": 0}, "missing_lines": [59, 60, 61, 62, 67], "excluded_lines": []}, "RapidOcrExtractor.extract_text": {"executed_lines": [], "summary": {"covered_lines": 0, "num_statements": 32, "percent_covered": 0.0, "percent_covered_display": "0", "missing_lines": 32, "excluded_lines": 0}, "missing_lines": [91, 92, 93, 94, 96, 102, 104, 105, 106, 108, 109, 111, 112, 113, 114, 115, 116, 117, 118, 119, 120, 121, 122, 123, 124, 125, 126, 127, 128, 130, 131, 132], "excluded_lines": []}, "": {"executed_lines": [], "summary": {"covered_lines": 0, "num_statements": 15, "percent_covered": 0.0, "percent_covered_display": "0", "missing_lines": 15, "excluded_lines": 0}, "missing_lines": [8, 10, 12, 14, 15, 16, 17, 20, 30, 32, 33, 36, 47, 49, 69], "excluded_lines": []}}, "classes": {"RapidOcrExtractorConfig": {"executed_lines": [], "summary": {"covered_lines": 0, "num_statements": 0, "percent_covered": 100.0, "percent_covered_display": "100", "missing_lines": 0, "excluded_lines": 0}, "missing_lines": [], "excluded_lines": []}, "RapidOcrExtractor": {"executed_lines": [], "summary": {"covered_lines": 0, "num_statements": 37, "percent_covered": 0.0, "percent_covered_display": "0", "missing_lines": 37, "excluded_lines": 0}, "missing_lines": [59, 60, 61, 62, 67, 91, 92, 93, 94, 96, 102, 104, 105, 106, 108, 109, 111, 112, 113, 114, 115, 116, 117, 118, 119, 120, 121, 122, 123, 124, 125, 126, 127, 128, 130, 131, 132], "excluded_lines": []}, "": {"executed_lines": [], "summary": {"covered_lines": 0, "num_statements": 15, "percent_covered": 0.0, "percent_covered_display": "0", "missing_lines": 15, "excluded_lines": 0}, "missing_lines": [8, 10, 12, 14, 15, 16, 17, 20, 30, 32, 33, 36, 47, 49, 69], "excluded_lines": []}}}, "src/biblicus/extractors/select_longest_text.py": {"executed_lines": [], "summary": {"covered_lines": 0, "num_statements": 26, "percent_covered": 0.0, "percent_covered_display": "0", "missing_lines": 26, "excluded_lines": 0}, "missing_lines": [5, 7, 9, 11, 12, 15, 22, 25, 45, 47, 56, 58, 80, 81, 82, 84, 85, 86, 88, 89, 90, 91, 96, 98, 100, 101], "excluded_lines": [], "functions": {"SelectLongestTextExtractor.validate_config": {"executed_lines": [], "summary": {"covered_lines": 0, "num_statements": 1, "percent_covered": 0.0, "percent_covered_display": "0", "missing_lines": 1, "excluded_lines": 0}, "missing_lines": [56], "excluded_lines": []}, "SelectLongestTextExtractor.extract_text": {"executed_lines": [], "summary": {"covered_lines": 0, "num_statements": 14, "percent_covered": 0.0, "percent_covered_display": "0", "missing_lines": 14, "excluded_lines": 0}, "missing_lines": [80, 81, 82, 84, 85, 86, 88, 89, 90, 91, 96, 98, 100, 101], "excluded_lines": []}, "": {"executed_lines": [], "summary": {"covered_lines": 0, "num_statements": 11, "percent_covered": 0.0, "percent_covered_display": "0", "missing_lines": 11, "excluded_lines": 0}, "missing_lines": [5, 7, 9, 11, 12, 15, 22, 25, 45, 47, 58], "excluded_lines": []}}, "classes": {"SelectLongestTextExtractorConfig": {"executed_lines": [], "summary": {"covered_lines": 0, "num_statements": 0, "percent_covered": 100.0, "percent_covered_display": "100", "missing_lines": 0, "excluded_lines": 0}, "missing_lines": [], "excluded_lines": []}, "SelectLongestTextExtractor": {"executed_lines": [], "summary": {"covered_lines": 0, "num_statements": 15, "percent_covered": 0.0, "percent_covered_display": "0", "missing_lines": 15, "excluded_lines": 0}, "missing_lines": [56, 80, 81, 82, 84, 85, 86, 88, 89, 90, 91, 96, 98, 100, 101], "excluded_lines": []}, "": {"executed_lines": [], "summary": {"covered_lines": 0, "num_statements": 11, "percent_covered": 0.0, "percent_covered_display": "0", "missing_lines": 11, "excluded_lines": 0}, "missing_lines": [5, 7, 9, 11, 12, 15, 22, 25, 45, 47, 58], "excluded_lines": []}}}, "src/biblicus/extractors/select_override.py": {"executed_lines": [], "summary": {"covered_lines": 0, "num_statements": 37, "percent_covered": 0.0, "percent_covered_display": "0", "missing_lines": 37, "excluded_lines": 0}, "missing_lines": [5, 7, 8, 10, 12, 13, 16, 26, 28, 29, 32, 43, 45, 54, 57, 58, 59, 60, 61, 62, 63, 65, 67, 69, 91, 92, 98, 100, 101, 103, 108, 109, 110, 111, 113, 115, 116], "excluded_lines": [], "functions": {"SelectOverrideExtractor.validate_config": {"executed_lines": [], "summary": {"covered_lines": 0, "num_statements": 10, "percent_covered": 0.0, "percent_covered_display": "0", "missing_lines": 10, "excluded_lines": 0}, "missing_lines": [54, 57, 58, 59, 60, 61, 62, 63, 65, 67], "excluded_lines": []}, "SelectOverrideExtractor.extract_text": {"executed_lines": [], "summary": {"covered_lines": 0, "num_statements": 13, "percent_covered": 0.0, "percent_covered_display": "0", "missing_lines": 13, "excluded_lines": 0}, "missing_lines": [91, 92, 98, 100, 101, 103, 108, 109, 110, 111, 113, 115, 116], "excluded_lines": []}, "": {"executed_lines": [], "summary": {"covered_lines": 0, "num_statements": 14, "percent_covered": 0.0, "percent_covered_display": "0", "missing_lines": 14, "excluded_lines": 0}, "missing_lines": [5, 7, 8, 10, 12, 13, 16, 26, 28, 29, 32, 43, 45, 69], "excluded_lines": []}}, "classes": {"SelectOverrideConfig": {"executed_lines": [], "summary": {"covered_lines": 0, "num_statements": 0, "percent_covered": 100.0, "percent_covered_display": "100", "missing_lines": 0, "excluded_lines": 0}, "missing_lines": [], "excluded_lines": []}, "SelectOverrideExtractor": {"executed_lines": [], "summary": {"covered_lines": 0, "num_statements": 23, "percent_covered": 0.0, "percent_covered_display": "0", "missing_lines": 23, "excluded_lines": 0}, "missing_lines": [54, 57, 58, 59, 60, 61, 62, 63, 65, 67, 91, 92, 98, 100, 101, 103, 108, 109, 110, 111, 113, 115, 116], "excluded_lines": []}, "": {"executed_lines": [], "summary": {"covered_lines": 0, "num_statements": 14, "percent_covered": 0.0, "percent_covered_display": "0", "missing_lines": 14, "excluded_lines": 0}, "missing_lines": [5, 7, 8, 10, 12, 13, 16, 26, 28, 29, 32, 43, 45, 69], "excluded_lines": []}}}, "src/biblicus/extractors/select_smart_override.py": {"executed_lines": [], "summary": {"covered_lines": 0, "num_statements": 60, "percent_covered": 0.0, "percent_covered_display": "0", "missing_lines": 60, "excluded_lines": 0}, "missing_lines": [9, 11, 12, 14, 16, 17, 20, 32, 34, 35, 36, 39, 59, 61, 70, 73, 74, 75, 76, 77, 78, 79, 81, 83, 85, 107, 108, 114, 119, 121, 122, 124, 125, 127, 128, 130, 132, 133, 135, 136, 137, 138, 139, 140, 141, 142, 144, 145, 147, 149, 162, 163, 164, 166, 167, 168, 170, 172, 181, 182], "excluded_lines": [], "functions": {"SelectSmartOverrideExtractor.validate_config": {"executed_lines": [], "summary": {"covered_lines": 0, "num_statements": 10, "percent_covered": 0.0, "percent_covered_display": "0", "missing_lines": 10, "excluded_lines": 0}, "missing_lines": [70, 73, 74, 75, 76, 77, 78, 79, 81, 83], "excluded_lines": []}, "SelectSmartOverrideExtractor.extract_text": {"executed_lines": [], "summary": {"covered_lines": 0, "num_statements": 24, "percent_covered": 0.0, "percent_covered_display": "0", "missing_lines": 24, "excluded_lines": 0}, "missing_lines": [107, 108, 114, 119, 121, 122, 124, 125, 127, 128, 130, 132, 133, 135, 136, 137, 138, 139, 140, 141, 142, 144, 145, 147], "excluded_lines": []}, "SelectSmartOverrideExtractor._is_meaningful": {"executed_lines": [], "summary": {"covered_lines": 0, "num_statements": 7, "percent_covered": 0.0, "percent_covered_display": "0", "missing_lines": 7, "excluded_lines": 0}, "missing_lines": [162, 163, 164, 166, 167, 168, 170], "excluded_lines": []}, "SelectSmartOverrideExtractor._extraction_to_result": {"executed_lines": [], "summary": {"covered_lines": 0, "num_statements": 2, "percent_covered": 0.0, "percent_covered_display": "0", "missing_lines": 2, "excluded_lines": 0}, "missing_lines": [181, 182], "excluded_lines": []}, "": {"executed_lines": [], "summary": {"covered_lines": 0, "num_statements": 17, "percent_covered": 0.0, "percent_covered_display": "0", "missing_lines": 17, "excluded_lines": 0}, "missing_lines": [9, 11, 12, 14, 16, 17, 20, 32, 34, 35, 36, 39, 59, 61, 85, 149, 172], "excluded_lines": []}}, "classes": {"SelectSmartOverrideConfig": {"executed_lines": [], "summary": {"covered_lines": 0, "num_statements": 0, "percent_covered": 100.0, "percent_covered_display": "100", "missing_lines": 0, "excluded_lines": 0}, "missing_lines": [], "excluded_lines": []}, "SelectSmartOverrideExtractor": {"executed_lines": [], "summary": {"covered_lines": 0, "num_statements": 43, "percent_covered": 0.0, "percent_covered_display": "0", "missing_lines": 43, "excluded_lines": 0}, "missing_lines": [70, 73, 74, 75, 76, 77, 78, 79, 81, 83, 107, 108, 114, 119, 121, 122, 124, 125, 127, 128, 130, 132, 133, 135, 136, 137, 138, 139, 140, 141, 142, 144, 145, 147, 162, 163, 164, 166, 167, 168, 170, 181, 182], "excluded_lines": []}, "": {"executed_lines": [], "summary": {"covered_lines": 0, "num_statements": 17, "percent_covered": 0.0, "percent_covered_display": "0", "missing_lines": 17, "excluded_lines": 0}, "missing_lines": [9, 11, 12, 14, 16, 17, 20, 32, 34, 35, 36, 39, 59, 61, 85, 149, 172], "excluded_lines": []}}}, "src/biblicus/extractors/select_text.py": {"executed_lines": [], "summary": {"covered_lines": 0, "num_statements": 26, "percent_covered": 0.0, "percent_covered_display": "0", "missing_lines": 26, "excluded_lines": 0}, "missing_lines": [5, 7, 9, 11, 12, 15, 22, 25, 40, 42, 51, 53, 75, 76, 77, 79, 80, 82, 83, 84, 85, 91, 92, 93, 94, 100], "excluded_lines": [], "functions": {"SelectTextExtractor.validate_config": {"executed_lines": [], "summary": {"covered_lines": 0, "num_statements": 1, "percent_covered": 0.0, "percent_covered_display": "0", "missing_lines": 1, "excluded_lines": 0}, "missing_lines": [51], "excluded_lines": []}, "SelectTextExtractor.extract_text": {"executed_lines": [], "summary": {"covered_lines": 0, "num_statements": 14, "percent_covered": 0.0, "percent_covered_display": "0", "missing_lines": 14, "excluded_lines": 0}, "missing_lines": [75, 76, 77, 79, 80, 82, 83, 84, 85, 91, 92, 93, 94, 100], "excluded_lines": []}, "": {"executed_lines": [], "summary": {"covered_lines": 0, "num_statements": 11, "percent_covered": 0.0, "percent_covered_display": "0", "missing_lines": 11, "excluded_lines": 0}, "missing_lines": [5, 7, 9, 11, 12, 15, 22, 25, 40, 42, 53], "excluded_lines": []}}, "classes": {"SelectTextExtractorConfig": {"executed_lines": [], "summary": {"covered_lines": 0, "num_statements": 0, "percent_covered": 100.0, "percent_covered_display": "100", "missing_lines": 0, "excluded_lines": 0}, "missing_lines": [], "excluded_lines": []}, "SelectTextExtractor": {"executed_lines": [], "summary": {"covered_lines": 0, "num_statements": 15, "percent_covered": 0.0, "percent_covered_display": "0", "missing_lines": 15, "excluded_lines": 0}, "missing_lines": [51, 75, 76, 77, 79, 80, 82, 83, 84, 85, 91, 92, 93, 94, 100], "excluded_lines": []}, "": {"executed_lines": [], "summary": {"covered_lines": 0, "num_statements": 11, "percent_covered": 0.0, "percent_covered_display": "0", "missing_lines": 11, "excluded_lines": 0}, "missing_lines": [5, 7, 9, 11, 12, 15, 22, 25, 40, 42, 53], "excluded_lines": []}}}, "src/biblicus/extractors/tesseract_text.py": {"executed_lines": [], "summary": {"covered_lines": 0, "num_statements": 85, "percent_covered": 0.0, "percent_covered_display": "0", "missing_lines": 85, "excluded_lines": 0}, "missing_lines": [8, 10, 12, 14, 15, 16, 17, 20, 38, 40, 41, 42, 43, 44, 45, 48, 60, 62, 72, 73, 74, 75, 81, 82, 84, 85, 86, 92, 94, 116, 123, 124, 127, 130, 131, 132, 133, 136, 138, 149, 150, 153, 156, 159, 167, 168, 170, 171, 172, 175, 177, 178, 179, 182, 183, 185, 191, 206, 207, 210, 213, 216, 219, 220, 222, 223, 224, 225, 228, 229, 232, 240, 241, 242, 243, 245, 246, 247, 248, 250, 251, 254, 255, 258, 263], "excluded_lines": [], "functions": {"TesseractExtractor.validate_config": {"executed_lines": [], "summary": {"covered_lines": 0, "num_statements": 10, "percent_covered": 0.0, "percent_covered_display": "0", "missing_lines": 10, "excluded_lines": 0}, "missing_lines": [72, 73, 74, 75, 81, 82, 84, 85, 86, 92], "excluded_lines": []}, "TesseractExtractor.extract_text": {"executed_lines": [], "summary": {"covered_lines": 0, "num_statements": 9, "percent_covered": 0.0, "percent_covered_display": "0", "missing_lines": 9, "excluded_lines": 0}, "missing_lines": [116, 123, 124, 127, 130, 131, 132, 133, 136], "excluded_lines": []}, "TesseractExtractor._extract_full_image": {"executed_lines": [], "summary": {"covered_lines": 0, "num_statements": 17, "percent_covered": 0.0, "percent_covered_display": "0", "missing_lines": 17, "excluded_lines": 0}, "missing_lines": [149, 150, 153, 156, 159, 167, 168, 170, 171, 172, 175, 177, 178, 179, 182, 183, 185], "excluded_lines": []}, "TesseractExtractor._extract_with_layout": {"executed_lines": [], "summary": {"covered_lines": 0, "num_statements": 28, "percent_covered": 0.0, "percent_covered_display": "0", "missing_lines": 28, "excluded_lines": 0}, "missing_lines": [206, 207, 210, 213, 216, 219, 220, 222, 223, 224, 225, 228, 229, 232, 240, 241, 242, 243, 245, 246, 247, 248, 250, 251, 254, 255, 258, 263], "excluded_lines": []}, "": {"executed_lines": [], "summary": {"covered_lines": 0, "num_statements": 21, "percent_covered": 0.0, "percent_covered_display": "0", "missing_lines": 21, "excluded_lines": 0}, "missing_lines": [8, 10, 12, 14, 15, 16, 17, 20, 38, 40, 41, 42, 43, 44, 45, 48, 60, 62, 94, 138, 191], "excluded_lines": []}}, "classes": {"TesseractExtractorConfig": {"executed_lines": [], "summary": {"covered_lines": 0, "num_statements": 0, "percent_covered": 100.0, "percent_covered_display": "100", "missing_lines": 0, "excluded_lines": 0}, "missing_lines": [], "excluded_lines": []}, "TesseractExtractor": {"executed_lines": [], "summary": {"covered_lines": 0, "num_statements": 64, "percent_covered": 0.0, "percent_covered_display": "0", "missing_lines": 64, "excluded_lines": 0}, "missing_lines": [72, 73, 74, 75, 81, 82, 84, 85, 86, 92, 116, 123, 124, 127, 130, 131, 132, 133, 136, 149, 150, 153, 156, 159, 167, 168, 170, 171, 172, 175, 177, 178, 179, 182, 183, 185, 206, 207, 210, 213, 216, 219, 220, 222, 223, 224, 225, 228, 229, 232, 240, 241, 242, 243, 245, 246, 247, 248, 250, 251, 254, 255, 258, 263], "excluded_lines": []}, "": {"executed_lines": [], "summary": {"covered_lines": 0, "num_statements": 21, "percent_covered": 0.0, "percent_covered_display": "0", "missing_lines": 21, "excluded_lines": 0}, "missing_lines": [8, 10, 12, 14, 15, 16, 17, 20, 38, 40, 41, 42, 43, 44, 45, 48, 60, 62, 94, 138, 191], "excluded_lines": []}}}, "src/biblicus/extractors/unstructured_text.py": {"executed_lines": [], "summary": {"covered_lines": 0, "num_statements": 33, "percent_covered": 0.0, "percent_covered_display": "0", "missing_lines": 33, "excluded_lines": 0}, "missing_lines": [7, 9, 11, 13, 14, 15, 16, 19, 26, 29, 41, 43, 53, 54, 55, 56, 60, 62, 84, 85, 86, 87, 88, 90, 92, 93, 94, 95, 96, 97, 98, 99, 100], "excluded_lines": [], "functions": {"UnstructuredExtractor.validate_config": {"executed_lines": [], "summary": {"covered_lines": 0, "num_statements": 5, "percent_covered": 0.0, "percent_covered_display": "0", "missing_lines": 5, "excluded_lines": 0}, "missing_lines": [53, 54, 55, 56, 60], "excluded_lines": []}, "UnstructuredExtractor.extract_text": {"executed_lines": [], "summary": {"covered_lines": 0, "num_statements": 15, "percent_covered": 0.0, "percent_covered_display": "0", "missing_lines": 15, "excluded_lines": 0}, "missing_lines": [84, 85, 86, 87, 88, 90, 92, 93, 94, 95, 96, 97, 98, 99, 100], "excluded_lines": []}, "": {"executed_lines": [], "summary": {"covered_lines": 0, "num_statements": 13, "percent_covered": 0.0, "percent_covered_display": "0", "missing_lines": 13, "excluded_lines": 0}, "missing_lines": [7, 9, 11, 13, 14, 15, 16, 19, 26, 29, 41, 43, 62], "excluded_lines": []}}, "classes": {"UnstructuredExtractorConfig": {"executed_lines": [], "summary": {"covered_lines": 0, "num_statements": 0, "percent_covered": 100.0, "percent_covered_display": "100", "missing_lines": 0, "excluded_lines": 0}, "missing_lines": [], "excluded_lines": []}, "UnstructuredExtractor": {"executed_lines": [], "summary": {"covered_lines": 0, "num_statements": 20, "percent_covered": 0.0, "percent_covered_display": "0", "missing_lines": 20, "excluded_lines": 0}, "missing_lines": [53, 54, 55, 56, 60, 84, 85, 86, 87, 88, 90, 92, 93, 94, 95, 96, 97, 98, 99, 100], "excluded_lines": []}, "": {"executed_lines": [], "summary": {"covered_lines": 0, "num_statements": 13, "percent_covered": 0.0, "percent_covered_display": "0", "missing_lines": 13, "excluded_lines": 0}, "missing_lines": [7, 9, 11, 13, 14, 15, 16, 19, 26, 29, 41, 43, 62], "excluded_lines": []}}}}, "totals": {"covered_lines": 0, "num_statements": 1402, "percent_covered": 0.0, "percent_covered_display": "0", "missing_lines": 1402, "excluded_lines": 0}}