<testsuite name="select_override.Simple override selection extractor" tests="6" errors="0" failures="0" skipped="0" time="0.09385" timestamp="2026-01-29T13:53:56.419915" hostname="JW2TF3YWMJ"><testcase classname="select_override.Simple override selection extractor" name="Simple override uses last extraction for matching media types" status="passed" time="0.014142"><system-out>
<![CDATA[
@scenario.begin
  Scenario: Simple override uses last extraction for matching media types
    Given I initialized a corpus at "corpus" ... passed in 0.003s
    And a fake RapidOCR library is available that returns lines: ... passed in 0.000s
      | filename  | text      | confidence |
      | image.png | First OCR | 0.80       |
    And a fake PaddleOCR library is available that returns lines: ... passed in 0.000s
      | filename  | text       | confidence |
      | image.png | Second OCR | 0.85       |
    And a file "image.png" exists with bytes: ... passed in 0.000s
      """
      \x89PNG\r\n\x1a\n\x00\x00\x00\rIHDR\x00\x00\x00\x01\x00\x00\x00\x01\x08\x02\x00\x00\x00\x90wS\xde\x00\x00\x00\x0bIDATx\x9cc\x00\x01\x00\x00\x05\x00\x01\r\n-\xb4\x00\x00\x00\x00IEND\xaeB`\x82
      """
    When I ingest the file "image.png" into corpus "corpus" ... passed in 0.004s
    And I build a "pipeline" extraction run in corpus "corpus" using the recipe: ... passed in 0.006s
      """
      extractor_id: pipeline
      config:
        steps:
          - extractor_id: ocr-rapidocr
            config: {}
          - extractor_id: ocr-paddleocr-vl
            config: {}
          - extractor_id: select-override
            config:
              media_type_patterns:
                - "image/*"
      """
    Then the extracted text for the last ingested item equals "Second OCR" ... passed in 0.000s
    And the extraction run item provenance uses extractor "ocr-paddleocr-vl" ... passed in 0.000s

@scenario.end
--------------------------------------------------------------------------------
]]>
</system-out></testcase><testcase classname="select_override.Simple override selection extractor" name="Simple override uses last extraction for non-matching media types" status="passed" time="0.02454"><system-out>
<![CDATA[
@scenario.begin
  Scenario: Simple override uses last extraction for non-matching media types
    Given I initialized a corpus at "corpus" ... passed in 0.004s
    When I ingest the text "alpha" with title "Alpha" and tags "a" into corpus "corpus" ... passed in 0.004s
    And I ingest the text "beta" with title "Beta" and tags "b" into corpus "corpus" ... passed in 0.006s
    And I build a "pipeline" extraction run in corpus "corpus" using the recipe: ... passed in 0.010s
      """
      extractor_id: pipeline
      config:
        steps:
          - extractor_id: metadata-text
            config: {}
          - extractor_id: pass-through-text
            config: {}
          - extractor_id: select-override
            config:
              media_type_patterns:
                - "image/*"
      """
    Then the extraction run includes extracted text for all items ... passed in 0.000s

@scenario.end
--------------------------------------------------------------------------------
]]>
</system-out></testcase><testcase classname="select_override.Simple override selection extractor" name="Simple override falls back to first extraction when enabled" status="passed" time="0.019674"><system-out>
<![CDATA[
@scenario.begin
  Scenario: Simple override falls back to first extraction when enabled
    Given I initialized a corpus at "corpus" ... passed in 0.003s
    When I ingest the text "alpha" with title "Alpha" and tags "a" into corpus "corpus" ... passed in 0.004s
    And I ingest the text "beta" with title "Beta" and tags "b" into corpus "corpus" ... passed in 0.005s
    And I build a "pipeline" extraction run in corpus "corpus" using the recipe: ... passed in 0.008s
      """
      extractor_id: pipeline
      config:
        steps:
          - extractor_id: metadata-text
            config: {}
          - extractor_id: pass-through-text
            config: {}
          - extractor_id: select-override
            config:
              media_type_patterns:
                - "image/*"
              fallback_to_first: true
      """
    Then the extraction run includes extracted text for all items ... passed in 0.000s

@scenario.end
--------------------------------------------------------------------------------
]]>
</system-out></testcase><testcase classname="select_override.Simple override selection extractor" name="Simple override returns nothing when no prior extractions exist" status="passed" time="0.01345"><system-out>
<![CDATA[
@scenario.begin
  Scenario: Simple override returns nothing when no prior extractions exist
    Given I initialized a corpus at "corpus" ... passed in 0.003s
    And a fake RapidOCR library is available that returns empty output for filename "image.png" ... passed in 0.000s
    And a file "image.png" exists with bytes: ... passed in 0.000s
      """
      \x89PNG\r\n\x1a\n\x00\x00\x00\rIHDR\x00\x00\x00\x01\x00\x00\x00\x01\x08\x02\x00\x00\x00\x90wS\xde\x00\x00\x00\x0bIDATx\x9cc\x00\x01\x00\x00\x05\x00\x01\r\n-\xb4\x00\x00\x00\x00IEND\xaeB`\x82
      """
    When I ingest the file "image.png" into corpus "corpus" ... passed in 0.004s
    And I build a "pipeline" extraction run in corpus "corpus" using the recipe: ... passed in 0.006s
      """
      extractor_id: pipeline
      config:
        steps:
          - extractor_id: ocr-rapidocr
            config: {}
          - extractor_id: select-override
            config:
              media_type_patterns:
                - "image/*"
      """
    Then the extracted text for the last ingested item is empty ... passed in 0.000s

@scenario.end
--------------------------------------------------------------------------------
]]>
</system-out></testcase><testcase classname="select_override.Simple override selection extractor" name="Simple override returns None when no candidates have text" status="passed" time="0.011278"><system-out>
<![CDATA[
@scenario.begin
  Scenario: Simple override returns None when no candidates have text
    Given I initialized a corpus at "corpus" ... passed in 0.003s
    When I ingest the text "alpha" with title "Alpha" and tags "a" into corpus "corpus" ... passed in 0.004s
    And I build a "pipeline" extraction run in corpus "corpus" using the recipe: ... passed in 0.004s
      """
      extractor_id: pipeline
      config:
        steps:
          - extractor_id: select-override
            config:
              media_type_patterns:
                - "text/*"
      """
    Then the extraction run does not include extracted text for the last ingested item ... passed in 0.000s

@scenario.end
--------------------------------------------------------------------------------
]]>
</system-out></testcase><testcase classname="select_override.Simple override selection extractor" name="Simple override handles malformed JSON in config gracefully" status="passed" time="0.010766"><system-out>
<![CDATA[
@scenario.begin
  Scenario: Simple override handles malformed JSON in config gracefully
    Given I initialized a corpus at "corpus" ... passed in 0.003s
    And a fake RapidOCR library is available that returns lines: ... passed in 0.000s
      | filename  | text | confidence |
      | image.png | Text | 0.90       |
    And a file "image.png" exists with bytes: ... passed in 0.000s
      """
      \x89PNG\r\n\x1a\n\x00\x00\x00\rIHDR\x00\x00\x00\x01\x00\x00\x00\x01\x08\x02\x00\x00\x00\x90wS\xde\x00\x00\x00\x0bIDATx\x9cc\x00\x01\x00\x00\x05\x00\x01\r\n-\xb4\x00\x00\x00\x00IEND\xaeB`\x82
      """
    When I ingest the file "image.png" into corpus "corpus" ... passed in 0.004s
    And I attempt to build a "pipeline" extraction run in corpus "corpus" with steps: ... passed in 0.003s
      | extractor_id    | config_json                         |
      | ocr-rapidocr    | {}                                  |
      | select-override | {"media_type_patterns":"[bad json"} |
    Then the command fails with exit code 2 ... passed in 0.000s

@scenario.end
--------------------------------------------------------------------------------
]]>
</system-out></testcase></testsuite>