<testsuite name="streaming_ingest.Streaming ingestion for large binary items" tests="1" errors="0" failures="0" skipped="0" time="0.008617" timestamp="2026-01-29T13:53:56.704574" hostname="JW2TF3YWMJ"><testcase classname="streaming_ingest.Streaming ingestion for large binary items" name="Ingest a large binary file and verify checksum" status="passed" time="0.008617"><system-out>
<![CDATA[
@scenario.begin
  Scenario: Ingest a large binary file and verify checksum
    Given I initialized a corpus at "corpus" ... passed in 0.003s
    And a binary file "large.bin" exists with size 1048576 bytes ... passed in 0.000s
    When I ingest the file "large.bin" into corpus "corpus" ... passed in 0.005s
    Then the last ingest succeeds ... passed in 0.000s
    And the last ingest sha256 matches the file "large.bin" ... passed in 0.001s

@scenario.end
--------------------------------------------------------------------------------
]]>
</system-out></testcase></testsuite>