<testsuite name="evidence_processing.Evidence processing stages" tests="2" errors="0" failures="0" skipped="0" time="0.000566" timestamp="2026-01-29T13:53:15.722163" hostname="JW2TF3YWMJ"><testcase classname="evidence_processing.Evidence processing stages" name="Rerank selects longer evidence first" status="passed" time="0.000336"><system-out>
<![CDATA[
@scenario.begin
  Scenario: Rerank selects longer evidence first
    Given a retrieval result exists with evidence text: ... passed in 0.000s
      | text                        |
      | short                       |
      | a much longer evidence text |
    When I rerank the retrieval result evidence using "rerank-longest-text" ... passed in 0.000s
    Then the evidence text order is: ... passed in 0.000s
      | text                        |
      | a much longer evidence text |
      | short                       |

@scenario.end
--------------------------------------------------------------------------------
]]>
</system-out></testcase><testcase classname="evidence_processing.Evidence processing stages" name="Filter removes evidence below a minimum score" status="passed" time="0.00023"><system-out>
<![CDATA[
@scenario.begin
  Scenario: Filter removes evidence below a minimum score
    Given a retrieval result exists with scored evidence: ... passed in 0.000s
      | score | text |
      | 0.9   | keep |
      | 0.1   | drop |
    When I filter the retrieval result evidence using "filter-minimum-score" with minimum score 0.5 ... passed in 0.000s
    Then the evidence text order is: ... passed in 0.000s
      | text |
      | keep |

@scenario.end
--------------------------------------------------------------------------------
]]>
</system-out></testcase></testsuite>